deadcode: /workspaces/zitadel/internal/api/authz/membertype_enumer.go:27:1: _MemberTypeNoOp is unused
deadcode: /workspaces/zitadel/internal/api/ui/login/login.go:233:1: idpFormCallbackIndexUnspecified is unused
deadcode: /workspaces/zitadel/internal/api/ui/login/mfa_init_done_handler.go:13:1: mfaInitDoneData is unused
deadcode: /workspaces/zitadel/internal/cache/connector_enumer.go:25:1: _ConnectorNoOp is unused
deadcode: /workspaces/zitadel/internal/cache/purpose_enumer.go:25:1: _PurposeNoOp is unused
deadcode: /workspaces/zitadel/internal/command/org_converter.go:36:1: orgDomainWriteModelToOrgDomain is unused
deadcode: /workspaces/zitadel/internal/command/org_domain.go:72:1: setPrimaryOrgDomain is unused
deadcode: /workspaces/zitadel/internal/command/project_converter.go:7:1: projectWriteModelToProject is unused
deadcode: /workspaces/zitadel/internal/command/project_converter.go:18:1: projectGrantWriteModelToProjectGrant is unused
deadcode: /workspaces/zitadel/internal/command/project_converter.go:81:1: roleWriteModelToRole is unused
deadcode: /workspaces/zitadel/internal/command/unique_constraints_model.go:7:1: commandProvider is unused
deadcode: /workspaces/zitadel/internal/command/user_converter.go:81:1: keyWriteModelToMachineKey is unused
deadcode: /workspaces/zitadel/internal/crypto/code_mocker.go:63:1: createMockCrypto is unused
deadcode: /workspaces/zitadel/internal/crypto/code_mocker.go:69:1: createMockGenerator is unused
deadcode: /workspaces/zitadel/internal/crypto/ellipticcurve_enumer.go:26:1: _EllipticCurveNoOp is unused
deadcode: /workspaces/zitadel/internal/crypto/rsabits_enumer.go:22:1: _RSABitsIndex_3 is unused
deadcode: /workspaces/zitadel/internal/crypto/rsabits_enumer.go:22:1: _RSABitsIndex_0 is unused
deadcode: /workspaces/zitadel/internal/crypto/rsabits_enumer.go:22:1: _RSABitsIndex_1 is unused
deadcode: /workspaces/zitadel/internal/crypto/rsabits_enumer.go:22:1: _RSABitsIndex_2 is unused
deadcode: /workspaces/zitadel/internal/crypto/rsabits_enumer.go:46:1: _RSABitsNoOp is unused
deadcode: /workspaces/zitadel/internal/crypto/rsahasher_enumer.go:26:1: _RSAHasherNoOp is unused
deadcode: /workspaces/zitadel/internal/crypto/webkeyconfigtype_enumer.go:26:1: _WebKeyConfigTypeNoOp is unused
deadcode: /workspaces/zitadel/internal/domain/countparenttype_enumer.go:26:1: _CountParentTypeNoOp is unused
deadcode: /workspaces/zitadel/internal/domain/custom_text.go:22:1: customTextStateCount is unused
deadcode: /workspaces/zitadel/internal/domain/mfa.go:7:1: stateCount is unused
deadcode: /workspaces/zitadel/internal/domain/notification.go:9:1: notificationCount is unused
deadcode: /workspaces/zitadel/internal/domain/notification.go:18:1: notificationProviderCount is unused
deadcode: /workspaces/zitadel/internal/domain/notification.go:32:1: notificationProviderTypeCount is unused
deadcode: /workspaces/zitadel/internal/domain/oidcresponsemode_enumer.go:25:1: _OIDCResponseModeNoOp is unused
deadcode: /workspaces/zitadel/internal/domain/policy.go:5:1: policyStateCount is unused
deadcode: /workspaces/zitadel/internal/domain/policy_label.go:42:1: labelPolicyStateCount is unused
deadcode: /workspaces/zitadel/internal/domain/provider.go:5:1: identityProviderCount is unused
deadcode: /workspaces/zitadel/internal/domain/provider.go:14:1: idpProviderState is unused
deadcode: /workspaces/zitadel/internal/domain/secretgeneratortype_enumer.go:25:1: _SecretGeneratorTypeNoOp is unused
deadcode: /workspaces/zitadel/internal/domain/tokenreason_enumer.go:26:1: _TokenReasonNoOp is unused
deadcode: /workspaces/zitadel/internal/domain/user.go:5:1: userStateCount is unused
deadcode: /workspaces/zitadel/internal/domain/user.go:27:1: userTypeCount is unused
deadcode: /workspaces/zitadel/internal/domain/user_schema.go:5:1: userSchemaStateCount is unused
deadcode: /workspaces/zitadel/internal/domain/user_schema.go:15:1: authenticatorTypeCount is unused
deadcode: /workspaces/zitadel/internal/eventstore/v1/models/event.go:99:1: eventData is unused
deadcode: /workspaces/zitadel/internal/eventstore/v3/push.go:17:1: pushTxOpts is unused
deadcode: /workspaces/zitadel/internal/feature/key_enumer.go:25:1: _KeyNoOp is unused
deadcode: /workspaces/zitadel/internal/feature/level_enumer.go:25:1: _LevelNoOp is unused
deadcode: /workspaces/zitadel/internal/integration/instance.go:193:1: loadInstanceOwnerPAT is unused
deadcode: /workspaces/zitadel/internal/integration/usertype_enumer.go:25:1: _UserTypeNoOp is unused
deadcode: /workspaces/zitadel/internal/integration/sink/channel_enumer.go:25:1: _ChannelNoOp is unused
deadcode: /workspaces/zitadel/internal/notification/channels/twilio/channel.go:17:1: aggregateTypeNotification is unused
deadcode: /workspaces/zitadel/internal/notification/templates/template.go:10:1: templateFileName is unused
deadcode: /workspaces/zitadel/internal/notification/templates/template.go:48:1: readFile is unused
deadcode: /workspaces/zitadel/internal/notification/templates/template.go:65:1: readFileFromDatabase is unused
deadcode: /workspaces/zitadel/internal/query/instanceindex_enumer.go:25:1: _instanceIndexNoOp is unused
deadcode: /workspaces/zitadel/internal/query/instanceindex_enumer.go:51:1: instanceIndexString is unused
deadcode: /workspaces/zitadel/internal/query/instanceindex_enumer.go:68:1: instanceIndexStrings is unused
deadcode: /workspaces/zitadel/internal/query/orgindex_enumer.go:25:1: _orgIndexNoOp is unused
deadcode: /workspaces/zitadel/internal/query/orgindex_enumer.go:51:1: orgIndexString is unused
deadcode: /workspaces/zitadel/internal/query/orgindex_enumer.go:68:1: orgIndexStrings is unused
deadcode: /workspaces/zitadel/internal/query/user.go:158:1: userLoginNamesUserIDCol is unused
deadcode: /workspaces/zitadel/internal/query/user.go:158:1: userLoginNamesInstanceIDCol is unused
deadcode: /workspaces/zitadel/internal/query/user_auth_method.go:21:1: forceMFAForceLocalOnly is unused
deadcode: /workspaces/zitadel/internal/query/user_auth_method.go:21:1: forceMFAInstanceID is unused
deadcode: /workspaces/zitadel/internal/query/user_auth_method.go:21:1: forceMFAOrgID is unused
deadcode: /workspaces/zitadel/internal/query/user_auth_method.go:21:1: forceMFAIsDefault is unused
deadcode: /workspaces/zitadel/internal/query/user_auth_method.go:21:1: forceMFAForce is unused
deadcode: /workspaces/zitadel/internal/query/user_membership.go:163:1: membershipGrantGrantedOrgID is unused
deadcode: /workspaces/zitadel/internal/query/projection/login_name.go:17:1: loginNameUserUserNameLowerCol is unused
deadcode: /workspaces/zitadel/internal/query/projection/login_name.go:17:1: policyUsersAlias is unused
deadcode: /workspaces/zitadel/internal/query/projection/login_name.go:17:1: usersAlias is unused
deadcode: /workspaces/zitadel/internal/query/projection/login_name.go:17:1: policyCustomAlias is unused
deadcode: /workspaces/zitadel/internal/query/projection/login_name.go:17:1: domainsAlias is unused
deadcode: /workspaces/zitadel/internal/query/projection/login_name.go:17:1: domainAlias is unused
deadcode: /workspaces/zitadel/internal/query/projection/login_name.go:17:1: policyDefaultAlias is unused
deadcode: /workspaces/zitadel/internal/query/projection/login_name.go:17:1: loginNameDomainNameLowerCol is unused
deadcode: /workspaces/zitadel/internal/repository/milestone/type_enumer.go:27:1: _TypeNoOp is unused
deadcode: /workspaces/zitadel/internal/user/model/phone.go:10:1: defaultRegion is unused
